<?xml version="1.0" encoding="UTF-8"?>
<!-- Generated by org.testng.reporters.JUnitReportReporter -->
<testsuite name="com.monefy.tests.AccountTest" tests="4" time="57.077" ignored="0" failures="0" timestamp="18 Mar 2019 10:48:13 GMT" skipped="0" hostname="HH8LG22" errors="0">
  <testcase name="addIncomeBySavings" time="10.912" classname="com.monefy.tests.AccountTest"/>
  <testcase name="addIncomeBySalary" time="10.879" classname="com.monefy.tests.AccountTest"/>
  <testcase name="e2EAddAccounts" time="25.332" classname="com.monefy.tests.AccountTest"/>
  <testcase name="addIncomeByDeposits" time="9.954" classname="com.monefy.tests.AccountTest"/>
</testsuite> <!-- com.monefy.tests.AccountTest -->
