<?xml version="1.0" encoding="UTF-8"?>
<!-- Generated by org.testng.reporters.JUnitReportReporter -->
<testsuite name="com.monefy.tests.EndToEndScenario" tests="1" time="61.963" ignored="0" failures="0" timestamp="16 Mar 2019 07:21:08 GMT" skipped="0" hostname="HH8LG22" errors="0">
  <testcase name="e2EAddAccounts" time="61.963" classname="com.monefy.tests.EndToEndScenario"/>
</testsuite> <!-- com.monefy.tests.EndToEndScenario -->
