<?xml version="1.0" encoding="UTF-8"?>
<!-- Generated by org.testng.reporters.JUnitReportReporter -->
<testsuite name="com.monefy.tests.EndToEndTest" tests="2" time="42.023" ignored="0" failures="0" timestamp="18 Mar 2019 10:56:01 GMT" skipped="0" hostname="HH8LG22" errors="0">
  <testcase name="verifyIncomeGreaterThanExpense" time="19.475" classname="com.monefy.tests.EndToEndTest"/>
  <testcase name="verifyIncomeEqualToExpense" time="22.548" classname="com.monefy.tests.EndToEndTest"/>
</testsuite> <!-- com.monefy.tests.EndToEndTest -->
