<?xml version="1.0" encoding="UTF-8"?>
<!-- Generated by org.testng.reporters.JUnitReportReporter -->
<testsuite name="com.bestbuy.api.test.BestBuyApiTests" tests="6" time="1.348" ignored="4" failures="0" timestamp="18 Mar 2019 10:35:27 GMT" skipped="0" hostname="76BT6BS" errors="0">
  <testcase name="verifySucessSatusCode" time="0.498" classname="com.bestbuy.api.test.BestBuyApiTests"/>
  <testcase name="verifySucessSatusCode" time="0.013" classname="com.bestbuy.api.test.BestBuyApiTests"/>
  <testcase name="verifySucessSatusCode" time="0.105" classname="com.bestbuy.api.test.BestBuyApiTests"/>
  <testcase name="verifySucessSatusCode" time="0.578" classname="com.bestbuy.api.test.BestBuyApiTests"/>
  <testcase name="verifySucessSatusCode" time="0.098" classname="com.bestbuy.api.test.BestBuyApiTests"/>
  <testcase name="verifySucessSatusCode" time="0.056" classname="com.bestbuy.api.test.BestBuyApiTests"/>
  <testcase name="verifyTotalProductCount" classname="com.bestbuy.api.test.BestBuyApiTests">
    <skipped/>
  </testcase> <!-- verifyTotalProductCount -->
  <testcase name="verifyVerionApi" classname="com.bestbuy.api.test.BestBuyApiTests">
    <skipped/>
  </testcase> <!-- verifyVerionApi -->
  <testcase name="verifyHealthCheckupApi" classname="com.bestbuy.api.test.BestBuyApiTests">
    <skipped/>
  </testcase> <!-- verifyHealthCheckupApi -->
  <testcase name="verifyLimitEqualToSizeOfData" classname="com.bestbuy.api.test.BestBuyApiTests">
    <skipped/>
  </testcase> <!-- verifyLimitEqualToSizeOfData -->
</testsuite> <!-- com.bestbuy.api.test.BestBuyApiTests -->
