<?xml version="1.0" encoding="UTF-8"?>
<!-- Generated by org.testng.reporters.JUnitReportReporter -->
<testsuite name="com.monefy.tests.ExpenseTest" tests="12" time="119.389" ignored="0" failures="0" timestamp="18 Mar 2019 10:59:02 GMT" skipped="1" hostname="HH8LG22" errors="0">
  <testcase name="addExpenseDetailsAndVerifyIncomeLessthanExpense" time="9.401" classname="com.monefy.tests.ExpenseTest"/>
  <testcase name="addExpenseDetailsAndVerifyIncomeLessthanExpense" time="8.788" classname="com.monefy.tests.ExpenseTest"/>
  <testcase name="addExpenseDetailsAndVerifyIncomeLessthanExpense" time="8.979" classname="com.monefy.tests.ExpenseTest"/>
  <testcase name="addExpenseDetailsAndVerifyIncomeLessthanExpense" time="9.906" classname="com.monefy.tests.ExpenseTest"/>
  <testcase name="addExpenseDetailsAndVerifyIncomeLessthanExpense" time="9.822" classname="com.monefy.tests.ExpenseTest"/>
  <testcase name="addExpenseDetailsAndVerifyIncomeLessthanExpense" time="9.911" classname="com.monefy.tests.ExpenseTest"/>
  <testcase name="addExpenseDetailsAndVerifyIncomeLessthanExpense" time="10.914" classname="com.monefy.tests.ExpenseTest"/>
  <testcase name="addExpenseDetailsAndVerifyIncomeLessthanExpense" time="9.788" classname="com.monefy.tests.ExpenseTest"/>
  <testcase name="addExpenseDetailsAndVerifyIncomeLessthanExpense" time="12.958" classname="com.monefy.tests.ExpenseTest">
    <skipped/>
  </testcase> <!-- addExpenseDetailsAndVerifyIncomeLessthanExpense -->
  <testcase name="addExpenseDetailsAndVerifyIncomeLessthanExpense" time="9.969" classname="com.monefy.tests.ExpenseTest"/>
  <testcase name="addExpenseDetailsAndVerifyIncomeLessthanExpense" time="9.598" classname="com.monefy.tests.ExpenseTest"/>
  <testcase name="addExpenseDetailsAndVerifyIncomeLessthanExpense" time="9.355" classname="com.monefy.tests.ExpenseTest"/>
</testsuite> <!-- com.monefy.tests.ExpenseTest -->
